Drill report for B-Sides 2024.kicad_pcb
Created on 2/23/2024 1:36:51 PM

Copper Layer Stackup:
    =============================================================
    L1 :  F.Cu                      front
    L2 :  B.Cu                      back


Drill file 'B-Sides 2024-PTH.drl' contains
    plated through holes:
    =============================================================
    T1  0.350mm  0.0138"  (154 holes)
    T2  0.400mm  0.0157"  (10 holes)
    T3  0.750mm  0.0295"  (2 holes)
    T4  0.762mm  0.0300"  (10 holes)  (with 10 slots)
    T5  1.000mm  0.0394"  (12 holes)

    Total plated holes count 188


Drill file 'B-Sides 2024-NPTH.drl' contains
    unplated through holes:
    =============================================================
    T1  0.650mm  0.0256"  (2 holes)

    Total unplated holes count 2
